<?xml version="1.0" encoding="UTF-8"?>
<!-- Generated by org.testng.reporters.JUnitReportReporter -->
<testsuite hostname="DESKTOP-NRCDBTD" failures="0" tests="1" name="testCases.myInfoTestCases" time="50.364" errors="0" timestamp="2023-09-21T21:50:55 IST" skipped="0">
  <testcase classname="testCases.myInfoTestCases" name="fillPersonalDetails" time="50.364"/>
</testsuite> <!-- testCases.myInfoTestCases -->
