<?xml version="1.0" encoding="UTF-8"?>
<!-- Generated by org.testng.reporters.JUnitReportReporter -->
<testsuite hostname="DESKTOP-NRCDBTD" failures="0" tests="2" name="testCases.loginTestCases" time="56.360" errors="0" timestamp="2023-09-08T20:23:33 IST" skipped="0">
  <testcase classname="testCases.loginTestCases" name="verifyInValidLogin" time="39.805"/>
  <testcase classname="testCases.loginTestCases" name="verifyValidLogin" time="16.555"/>
</testsuite> <!-- testCases.loginTestCases -->
